<?xml version="1.0" encoding="UTF-8"?>
<testng-results skipped="0" failed="0" total="2" passed="2">
  <reporter-output>
  </reporter-output>
  <suite name="Default suite" duration-ms="8188" started-at="2019-04-28T10:48:37Z" finished-at="2019-04-28T10:48:45Z">
    <groups>
    </groups>
    <test name="Default test" duration-ms="8188" started-at="2019-04-28T10:48:37Z" finished-at="2019-04-28T10:48:45Z">
      <class name="FirstNGPackage.FirsTestNGClass">
        <test-method status="PASS" signature="f()[pri:1, instance:FirstNGPackage.FirsTestNGClass@61d6015a]" name="f" duration-ms="3174" started-at="2019-04-28T16:18:37Z" finished-at="2019-04-28T16:18:40Z">
          <reporter-output>
          </reporter-output>
        </test-method> <!-- f -->
        <test-method status="PASS" signature="Register()[pri:2, instance:FirstNGPackage.FirsTestNGClass@61d6015a]" name="Register" duration-ms="4872" started-at="2019-04-28T16:18:40Z" finished-at="2019-04-28T16:18:45Z">
          <reporter-output>
          </reporter-output>
        </test-method> <!-- Register -->
        <test-method status="PASS" signature="after()[pri:0, instance:FirstNGPackage.FirsTestNGClass@61d6015a]" name="after" is-config="true" duration-ms="104" started-at="2019-04-28T16:18:45Z" finished-at="2019-04-28T16:18:45Z">
          <reporter-output>
          </reporter-output>
        </test-method> <!-- after -->
      </class> <!-- FirstNGPackage.FirsTestNGClass -->
    </test> <!-- Default test -->
  </suite> <!-- Default suite -->
</testng-results>
